<?xml version="1.0" encoding="UTF-8"?>
<testsuite xmlns:xsi="http://www.w3.org/2001/XMLSchema-instance" xsi:noNamespaceSchemaLocation="https://maven.apache.org/surefire/maven-surefire-plugin/xsd/surefire-test-report-3.0.xsd" version="3.0" name="com.lambdatest.tutorial.CalculatorTest" time="0.052" tests="29" errors="0" skipped="0" failures="0">
  <properties>
[...]
</properties>
  <testcase name="testMultiplyWithNegativeNumbers" classname="com.lambdatest.tutorial.CalculatorTest" time="0.011"/>
  <testcase name="testSubtractWithNegativeNumbers" classname="com.lambdatest.tutorial.CalculatorTest" time="0.011"/>
  <testcase name="testMultiplyWithZero" classname="com.lambdatest.tutorial.CalculatorTest" time="0.002"/>
  <testcase name="testDivideByZero" classname="com.lambdatest.tutorial.CalculatorTest" time="0.002"/>
  <testcase name="testDivideWithNegativeNumbers" classname="com.lambdatest.tutorial.CalculatorTest" time="0.002"/>
  <testcase name="testAddWithZero" classname="com.lambdatest.tutorial.CalculatorTest" time="0.001"/>
  <testcase name="testAddWithNegativeNumbers" classname="com.lambdatest.tutorial.CalculatorTest" time="0.0"/>
  <testcase name="testParameterizedSubtraction(int, int, int)[5]" classname="com.lambdatest.tutorial.CalculatorTest" time="0.005"/>
  <testcase name="testParameterizedDivision(int, int, double)[2]" classname="com.lambdatest.tutorial.CalculatorTest" time="0.006"/>
  <testcase name="testParameterizedSubtraction(int, int, int)[4]" classname="com.lambdatest.tutorial.CalculatorTest" time="0.0"/>
  <testcase name="testParameterizedSubtraction(int, int, int)[3]" classname="com.lambdatest.tutorial.CalculatorTest" time="0.001"/>
  <testcase name="testParameterizedDivision(int, int, double)[3]" classname="com.lambdatest.tutorial.CalculatorTest" time="0.001"/>
  <testcase name="testParameterizedSubtraction(int, int, int)[2]" classname="com.lambdatest.tutorial.CalculatorTest" time="0.002"/>
  <testcase name="testParameterizedDivision(int, int, double)[4]" classname="com.lambdatest.tutorial.CalculatorTest" time="0.0"/>
  <testcase name="testParameterizedSubtraction(int, int, int)[1]" classname="com.lambdatest.tutorial.CalculatorTest" time="0.001"/>
  <testcase name="testParameterizedDivision(int, int, double)[5]" classname="com.lambdatest.tutorial.CalculatorTest" time="0.0"/>
  <testcase name="testParameterizedDivision(int, int, double)[1]" classname="com.lambdatest.tutorial.CalculatorTest" time="0.0"/>
  <testcase name="testDivideWithZeroNumerator" classname="com.lambdatest.tutorial.CalculatorTest" time="0.0"/>
  <testcase name="testSubtractWithZero" classname="com.lambdatest.tutorial.CalculatorTest" time="0.0"/>
  <testcase name="testParameterizedMultiplication(int, int, int)[1]" classname="com.lambdatest.tutorial.CalculatorTest" time="0.001"/>
  <testcase name="testParameterizedMultiplication(int, int, int)[4]" classname="com.lambdatest.tutorial.CalculatorTest" time="0.0"/>
  <testcase name="testParameterizedMultiplication(int, int, int)[5]" classname="com.lambdatest.tutorial.CalculatorTest" time="0.0"/>
  <testcase name="testParameterizedAddition(int, int, int)[4]" classname="com.lambdatest.tutorial.CalculatorTest" time="0.001"/>
  <testcase name="testParameterizedMultiplication(int, int, int)[2]" classname="com.lambdatest.tutorial.CalculatorTest" time="0.0"/>
  <testcase name="testParameterizedAddition(int, int, int)[5]" classname="com.lambdatest.tutorial.CalculatorTest" time="0.001"/>
  <testcase name="testParameterizedMultiplication(int, int, int)[3]" classname="com.lambdatest.tutorial.CalculatorTest" time="0.0"/>
  <testcase name="testParameterizedAddition(int, int, int)[1]" classname="com.lambdatest.tutorial.CalculatorTest" time="0.001"/>
  <testcase name="testParameterizedAddition(int, int, int)[2]" classname="com.lambdatest.tutorial.CalculatorTest" time="0.001"/>
  <testcase name="testParameterizedAddition(int, int, int)[3]" classname="com.lambdatest.tutorial.CalculatorTest" time="0.0"/>
</testsuite>