<?xml version="1.0" encoding="UTF-8"?>
<testsuite xmlns:xsi="http://www.w3.org/2001/XMLSchema-instance" xsi:noNamespaceSchemaLocation="https://maven.apache.org/surefire/maven-surefire-plugin/xsd/surefire-test-report-3.0.xsd" version="3.0" name="com.lambdatest.tutorial.LocalSeleniumCalculatorTest" time="3.714" tests="11" errors="0" skipped="0" failures="0">
  <properties>
[...]
</properties>
  <testcase name="testAddition(String, String, String)[1]" classname="com.lambdatest.tutorial.LocalSeleniumCalculatorTest" time="0.664">
    <system-err><![CDATA[May 23, 2025 8:23:17 PM org.openqa.selenium.remote.tracing.opentelemetry.OpenTelemetryTracer createTracer
INFO: Using OpenTelemetry for tracing
May 23, 2025 8:23:18 PM org.openqa.selenium.devtools.CdpVersionFinder findNearestMatch
WARNING: Unable to find CDP implementation matching 136
May 23, 2025 8:23:18 PM org.openqa.selenium.chromium.ChromiumDriver lambda$new$5
WARNING: Unable to find version of CDP to use for 136.0.7103.115. You may need to include a dependency on a specific version of the CDP using something similar to `org.seleniumhq.selenium:selenium-devtools-v86:4.15.0` where the version ("v86") matches the version of the chromium-based browser you're using and the version number of the artifact is the same as Selenium's.
]]></system-err>
  </testcase>
  <testcase name="testAddition(String, String, String)[2]" classname="com.lambdatest.tutorial.LocalSeleniumCalculatorTest" time="0.17"/>
  <testcase name="testAddition(String, String, String)[3]" classname="com.lambdatest.tutorial.LocalSeleniumCalculatorTest" time="0.174"/>
  <testcase name="testAddition(String, String, String)[4]" classname="com.lambdatest.tutorial.LocalSeleniumCalculatorTest" time="0.168"/>
  <testcase name="testAddition(String, String, String)[5]" classname="com.lambdatest.tutorial.LocalSeleniumCalculatorTest" time="0.17"/>
  <testcase name="testAddition(String, String, String)[6]" classname="com.lambdatest.tutorial.LocalSeleniumCalculatorTest" time="0.164"/>
  <testcase name="testAddition(String, String, String)[7]" classname="com.lambdatest.tutorial.LocalSeleniumCalculatorTest" time="0.164"/>
  <testcase name="testAddition(String, String, String)[8]" classname="com.lambdatest.tutorial.LocalSeleniumCalculatorTest" time="0.167"/>
  <testcase name="testAddition(String, String, String)[9]" classname="com.lambdatest.tutorial.LocalSeleniumCalculatorTest" time="0.169"/>
  <testcase name="testAddition(String, String, String)[10]" classname="com.lambdatest.tutorial.LocalSeleniumCalculatorTest" time="0.163"/>
  <testcase name="testAddition(String, String, String)[11]" classname="com.lambdatest.tutorial.LocalSeleniumCalculatorTest" time="0.16"/>
</testsuite>