<?xml version="1.0" encoding="UTF-8"?>
<testsuite xmlns:xsi="http://www.w3.org/2001/XMLSchema-instance" xsi:noNamespaceSchemaLocation="https://maven.apache.org/surefire/maven-surefire-plugin/xsd/surefire-test-report-3.0.xsd" version="3.0" name="com.lambdatest.tutorial.CloudCalculatorTest" time="46.433" tests="15" errors="1" skipped="0" failures="0">
  <properties>
[...]
</properties>
  <testcase name="testAddition(String, String, String)[4]" classname="com.lambdatest.tutorial.CloudCalculatorTest" time="11.586">
    <system-err><![CDATA[May 23, 2025 8:46:38 PM org.openqa.selenium.remote.tracing.opentelemetry.OpenTelemetryTracer createTracer
INFO: Using OpenTelemetry for tracing
]]></system-err>
  </testcase>
  <testcase name="testAddition(String, String, String)[1]" classname="com.lambdatest.tutorial.CloudCalculatorTest" time="11.755"/>
  <testcase name="testWithDifferentBrowsers(String, String, String)[3]" classname="com.lambdatest.tutorial.CloudCalculatorTest" time="12.646"/>
  <testcase name="testAddition(String, String, String)[6]" classname="com.lambdatest.tutorial.CloudCalculatorTest" time="14.62"/>
  <testcase name="testWithDifferentBrowsers(String, String, String)[1]" classname="com.lambdatest.tutorial.CloudCalculatorTest" time="19.402"/>
  <testcase name="testWithDifferentBrowsers(String, String, String)[4]" classname="com.lambdatest.tutorial.CloudCalculatorTest" time="20.609">
    <error message="Build info: version: &apos;4.15.0&apos;, revision: &apos;1d14b5521b&apos;&#10;System info: os.name: &apos;Mac OS X&apos;, os.arch: &apos;aarch64&apos;, os.version: &apos;14.3&apos;, java.version: &apos;23.0.2&apos;&#10;Driver info: org.openqa.selenium.remote.RemoteWebDriver&#10;Command: [7F276DB3-15A9-4820-9C4F-D4552DA7E3D4, clickElement {id=node-97824726-31C6-4AB6-9C5B-4438023048DF}]&#10;Capabilities {acceptInsecureCerts: false, browserName: Safari, browserVersion: 15.6.1, platformName: mac, safari:automaticInspection: false, safari:automaticProfiling: false, safari:diagnose: false, safari:platformBuildVersion: 21H1123, safari:platformVersion: 12.7.4, safari:useSimulator: false, setWindowRect: true, strictFileInteractability: false, webkit:WebRTC: {DisableICECandidateFiltering: false, DisableInsecureMediaCapture: false}}&#10;Element: [[RemoteWebDriver: Safari on mac (7F276DB3-15A9-4820-9C4F-D4552DA7E3D4)] -&gt; xpath: //button[contains(text(), &apos;Get Sum&apos;)]]&#10;Session ID: 7F276DB3-15A9-4820-9C4F-D4552DA7E3D4" type="org.openqa.selenium.WebDriverException"><![CDATA[org.openqa.selenium.WebDriverException: 
Build info: version: '4.15.0', revision: '1d14b5521b'
System info: os.name: 'Mac OS X', os.arch: 'aarch64', os.version: '14.3', java.version: '23.0.2'
Driver info: org.openqa.selenium.remote.RemoteWebDriver
Command: [7F276DB3-15A9-4820-9C4F-D4552DA7E3D4, clickElement {id=node-97824726-31C6-4AB6-9C5B-4438023048DF}]
Capabilities {acceptInsecureCerts: false, browserName: Safari, browserVersion: 15.6.1, platformName: mac, safari:automaticInspection: false, safari:automaticProfiling: false, safari:diagnose: false, safari:platformBuildVersion: 21H1123, safari:platformVersion: 12.7.4, safari:useSimulator: false, setWindowRect: true, strictFileInteractability: false, webkit:WebRTC: {DisableICECandidateFiltering: false, DisableInsecureMediaCapture: false}}
Element: [[RemoteWebDriver: Safari on mac (7F276DB3-15A9-4820-9C4F-D4552DA7E3D4)] -> xpath: //button[contains(text(), 'Get Sum')]]
Session ID: 7F276DB3-15A9-4820-9C4F-D4552DA7E3D4
	at java.base/jdk.internal.reflect.DirectConstructorHandleAccessor.newInstance(DirectConstructorHandleAccessor.java:62)
	at java.base/java.lang.reflect.Constructor.newInstanceWithCaller(Constructor.java:501)
	at java.base/java.lang.reflect.Constructor.newInstance(Constructor.java:485)
	at org.openqa.selenium.remote.codec.w3c.W3CHttpResponseCodec.createException(W3CHttpResponseCodec.java:200)
	at org.openqa.selenium.remote.codec.w3c.W3CHttpResponseCodec.decode(W3CHttpResponseCodec.java:133)
	at org.openqa.selenium.remote.codec.w3c.W3CHttpResponseCodec.decode(W3CHttpResponseCodec.java:52)
	at org.openqa.selenium.remote.HttpCommandExecutor.execute(HttpCommandExecutor.java:191)
	at org.openqa.selenium.remote.TracedCommandExecutor.execute(TracedCommandExecutor.java:51)
	at org.openqa.selenium.remote.RemoteWebDriver.execute(RemoteWebDriver.java:607)
	at org.openqa.selenium.remote.RemoteWebElement.execute(RemoteWebElement.java:224)
	at org.openqa.selenium.remote.RemoteWebElement.click(RemoteWebElement.java:77)
	at com.lambdatest.tutorial.CloudCalculatorTest.lambda$0(CloudCalculatorTest.java:47)
	at com.lambdatest.tutorial.util.BaseTest.executeTest(BaseTest.java:29)
	at com.lambdatest.tutorial.CloudCalculatorTest.testWithDifferentBrowsers(CloudCalculatorTest.java:37)
	at java.base/jdk.internal.reflect.DirectMethodHandleAccessor.invoke(DirectMethodHandleAccessor.java:103)
	at java.base/java.lang.reflect.Method.invoke(Method.java:580)
	at org.junit.platform.commons.util.ReflectionUtils.invokeMethod(ReflectionUtils.java:727)
	at org.junit.jupiter.engine.execution.MethodInvocation.proceed(MethodInvocation.java:60)
	at org.junit.jupiter.engine.execution.InvocationInterceptorChain$ValidatingInvocation.proceed(InvocationInterceptorChain.java:131)
	at org.junit.jupiter.engine.extension.TimeoutExtension.intercept(TimeoutExtension.java:156)
	at org.junit.jupiter.engine.extension.TimeoutExtension.interceptTestableMethod(TimeoutExtension.java:147)
	at org.junit.jupiter.engine.extension.TimeoutExtension.interceptTestTemplateMethod(TimeoutExtension.java:94)
	at org.junit.jupiter.engine.execution.InterceptingExecutableInvoker$ReflectiveInterceptorCall.lambda$ofVoidMethod$0(InterceptingExecutableInvoker.java:103)
	at org.junit.jupiter.engine.execution.InterceptingExecutableInvoker.lambda$invoke$0(InterceptingExecutableInvoker.java:93)
	at org.junit.jupiter.engine.execution.InvocationInterceptorChain$InterceptedInvocation.proceed(InvocationInterceptorChain.java:106)
	at org.junit.jupiter.engine.execution.InvocationInterceptorChain.proceed(InvocationInterceptorChain.java:64)
	at org.junit.jupiter.engine.execution.InvocationInterceptorChain.chainAndInvoke(InvocationInterceptorChain.java:45)
	at org.junit.jupiter.engine.execution.InvocationInterceptorChain.invoke(InvocationInterceptorChain.java:37)
	at org.junit.jupiter.engine.execution.InterceptingExecutableInvoker.invoke(InterceptingExecutableInvoker.java:92)
	at org.junit.jupiter.engine.execution.InterceptingExecutableInvoker.invoke(InterceptingExecutableInvoker.java:86)
	at org.junit.jupiter.engine.descriptor.TestMethodTestDescriptor.lambda$invokeTestMethod$7(TestMethodTestDescriptor.java:217)
	at org.junit.platform.engine.support.hierarchical.ThrowableCollector.execute(ThrowableCollector.java:73)
	at org.junit.jupiter.engine.descriptor.TestMethodTestDescriptor.invokeTestMethod(TestMethodTestDescriptor.java:213)
	at org.junit.jupiter.engine.descriptor.TestMethodTestDescriptor.execute(TestMethodTestDescriptor.java:138)
	at org.junit.jupiter.engine.descriptor.TestMethodTestDescriptor.execute(TestMethodTestDescriptor.java:68)
	at org.junit.platform.engine.support.hierarchical.NodeTestTask.lambda$executeRecursively$6(NodeTestTask.java:151)
	at org.junit.platform.engine.support.hierarchical.ThrowableCollector.execute(ThrowableCollector.java:73)
	at org.junit.platform.engine.support.hierarchical.NodeTestTask.lambda$executeRecursively$8(NodeTestTask.java:141)
	at org.junit.platform.engine.support.hierarchical.Node.around(Node.java:137)
	at org.junit.platform.engine.support.hierarchical.NodeTestTask.lambda$executeRecursively$9(NodeTestTask.java:139)
	at org.junit.platform.engine.support.hierarchical.ThrowableCollector.execute(ThrowableCollector.java:73)
	at org.junit.platform.engine.support.hierarchical.NodeTestTask.executeRecursively(NodeTestTask.java:138)
	at org.junit.platform.engine.support.hierarchical.NodeTestTask.execute(NodeTestTask.java:95)
	at org.junit.platform.engine.support.hierarchical.ForkJoinPoolHierarchicalTestExecutorService$ExclusiveTask.compute(ForkJoinPoolHierarchicalTestExecutorService.java:202)
	at java.base/java.util.concurrent.RecursiveAction.exec(RecursiveAction.java:194)
	at java.base/java.util.concurrent.ForkJoinTask.doExec(ForkJoinTask.java:507)
	at java.base/java.util.concurrent.ForkJoinPool$WorkQueue.topLevelExec(ForkJoinPool.java:1460)
	at java.base/java.util.concurrent.ForkJoinPool.runWorker(ForkJoinPool.java:2036)
	at java.base/java.util.concurrent.ForkJoinWorkerThread.run(ForkJoinWorkerThread.java:189)
]]></error>
  </testcase>
  <testcase name="testAddition(String, String, String)[2]" classname="com.lambdatest.tutorial.CloudCalculatorTest" time="21.413"/>
  <testcase name="testWithDifferentBrowsers(String, String, String)[2]" classname="com.lambdatest.tutorial.CloudCalculatorTest" time="27.626"/>
  <testcase name="testAddition(String, String, String)[3]" classname="com.lambdatest.tutorial.CloudCalculatorTest" time="31.573"/>
  <testcase name="testAddition(String, String, String)[10]" classname="com.lambdatest.tutorial.CloudCalculatorTest" time="17.455"/>
  <testcase name="testAddition(String, String, String)[8]" classname="com.lambdatest.tutorial.CloudCalculatorTest" time="17.879"/>
  <testcase name="testAddition(String, String, String)[5]" classname="com.lambdatest.tutorial.CloudCalculatorTest" time="36.085"/>
  <testcase name="testAddition(String, String, String)[11]" classname="com.lambdatest.tutorial.CloudCalculatorTest" time="29.347"/>
  <testcase name="testAddition(String, String, String)[9]" classname="com.lambdatest.tutorial.CloudCalculatorTest" time="29.363"/>
  <testcase name="testAddition(String, String, String)[7]" classname="com.lambdatest.tutorial.CloudCalculatorTest" time="31.777"/>
</testsuite>